#
# There is insufficient memory for the Java Runtime Environment to continue.
# Native memory allocation (malloc) failed to allocate 32744 bytes for ChunkPool::allocate
# Possible reasons:
#   The system is out of physical RAM or swap space
#   In 32 bit mode, the process size limit was hit
# Possible solutions:
#   Reduce memory load on the system
#   Increase physical memory or swap space
#   Check if swap backing store is full
#   Use 64 bit Java on a 64 bit OS
#   Decrease Java heap size (-Xmx/-Xms)
#   Decrease number of Java threads
#   Decrease Java thread stack sizes (-Xss)
#   Set larger code cache with -XX:ReservedCodeCacheSize=
# This output file may be truncated or incomplete.
#
#  Out of Memory Error (allocation.cpp:273), pid=2412, tid=0x00000000000010cc
#
# JRE version: Java(TM) SE Runtime Environment (8.0_92-b14) (build 1.8.0_92-b14)
# Java VM: Java HotSpot(TM) 64-Bit Server VM (25.92-b14 mixed mode windows-amd64 compressed oops)
# Failed to write core dump. Minidumps are not enabled by default on client versions of Windows
#

---------------  T H R E A D  ---------------

Current thread (0x00000000077a1000):  JavaThread "C1 CompilerThread2" daemon [_thread_in_native, id=4300, stack(0x0000000007ca0000,0x0000000007da0000)]

Stack: [0x0000000007ca0000,0x0000000007da0000]
[error occurred during error reporting (printing stack bounds), id 0xc0000005]

Native frames: (J=compiled Java code, j=interpreted, Vv=VM code, C=native code)


Current CompileTask:
C1:  43391 1076       3       com.sun.jna.Function::convertArgument (891 bytes)


---------------  P R O C E S S  ---------------

Java Threads: ( => current thread )
  0x00000000098c0800 JavaThread "pool-1-thread-1" [_thread_blocked, id=5056, stack(0x000000000a710000,0x000000000a810000)]
  0x00000000098bf800 JavaThread "forward input" [_thread_blocked, id=2856, stack(0x000000000a4a0000,0x000000000a5a0000)]
  0x00000000098bf000 JavaThread "DisconnectableInputStream source reader" daemon [_thread_in_native, id=1416, stack(0x000000000a370000,0x000000000a470000)]
  0x0000000007824000 JavaThread "Service Thread" daemon [_thread_blocked, id=5060, stack(0x0000000007df0000,0x0000000007ef0000)]
=>0x00000000077a1000 JavaThread "C1 CompilerThread2" daemon [_thread_in_native, id=4300, stack(0x0000000007ca0000,0x0000000007da0000)]
  0x0000000005dff000 JavaThread "C2 CompilerThread1" daemon [_thread_blocked, id=4760, stack(0x0000000007410000,0x0000000007510000)]
  0x0000000005df8000 JavaThread "C2 CompilerThread0" daemon [_thread_blocked, id=3744, stack(0x00000000076a0000,0x00000000077a0000)]
  0x0000000005df5000 JavaThread "Attach Listener" daemon [_thread_blocked, id=964, stack(0x0000000007550000,0x0000000007650000)]
  0x0000000005df1800 JavaThread "Signal Dispatcher" daemon [_thread_blocked, id=3236, stack(0x0000000007310000,0x0000000007410000)]
  0x0000000005dda000 JavaThread "Finalizer" daemon [_thread_blocked, id=4732, stack(0x0000000007180000,0x0000000007280000)]
  0x0000000005d93000 JavaThread "Reference Handler" daemon [_thread_blocked, id=3912, stack(0x0000000006fc0000,0x00000000070c0000)]
  0x00000000003ee800 JavaThread "main" [_thread_in_native, id=4092, stack(0x00000000022d0000,0x00000000023d0000)]

Other Threads:
  0x0000000005d8b800 VMThread [stack: 0x0000000006ec0000,0x0000000006fc0000] [id=1596]
  0x000000000784f000 WatcherThread [stack: 0x0000000008030000,0x0000000008130000] [id=4224]

VM state:not at safepoint (normal execution)

VM Mutex/Monitor currently owned by a thread: None

Heap:
 PSYoungGen      total 18944K, used 14192K [0x00000000eb400000, 0x00000000ed900000, 0x0000000100000000)
  eden space 16384K, 71% used [0x00000000eb400000,0x00000000ebf642b8,0x00000000ec400000)
  from space 2560K, 98% used [0x00000000ec400000,0x00000000ec678020,0x00000000ec680000)
  to   space 2560K, 0% used [0x00000000ed680000,0x00000000ed680000,0x00000000ed900000)
 ParOldGen       total 44032K, used 2618K [0x00000000c1c00000, 0x00000000c4700000, 0x00000000eb400000)
  object space 44032K, 5% used [0x00000000c1c00000,0x00000000c1e8ea78,0x00000000c4700000)
 Metaspace       used 12737K, capacity 13084K, committed 13184K, reserved 1060864K
  class space    used 1714K, capacity 1852K, committed 1920K, reserved 1048576K

Card table byte_map: [0x0000000002a60000,0x0000000002c60000] byte_map_base: 0x0000000002452000

Marking Bits: (ParMarkBitMap*) 0x00000000512664f0
 Begin Bits: [0x00000000032e0000, 0x0000000004270000)
 End Bits:   [0x0000000004270000, 0x0000000005200000)

Polling page: 0x0000000000230000

CodeCache: size=245760Kb used=3989Kb max_used=3989Kb free=241770Kb
 bounds [0x000000000f010000, 0x000000000f400000, 0x000000001e010000]
 total_blobs=1442 nmethods=1075 adapters=279
 compilation: enabled

Compilation events (10 events):
Event: 35.440 Thread 0x00000000077a1000 nmethod 1071 0x000000000f3f2ed0 code [0x000000000f3f30a0, 0x000000000f3f3ad8]
Event: 43.256 Thread 0x00000000077a1000 1072       3       org.gradle.internal.logging.text.AbstractLineChoppingStyledTextOutput::doAppend (201 bytes)
Event: 43.258 Thread 0x00000000077a1000 nmethod 1072 0x000000000f3f3ed0 code [0x000000000f3f4100, 0x000000000f3f4f18]
Event: 43.259 Thread 0x00000000077a1000 1073   !   3       com.sun.jna.Structure::useMemory (65 bytes)
Event: 43.260 Thread 0x00000000077a1000 nmethod 1073 0x000000000f3f5450 code [0x000000000f3f55e0, 0x000000000f3f5a88]
Event: 43.260 Thread 0x00000000077a1000 1074       3       com.sun.jna.Memory::share (33 bytes)
Event: 43.260 Thread 0x00000000077a1000 nmethod 1074 0x000000000f3f5c50 code [0x000000000f3f5e00, 0x000000000f3f6488]
Event: 43.260 Thread 0x00000000077a1000 1075       3       com.sun.jna.Memory$SharedMemory::<init> (30 bytes)
Event: 43.261 Thread 0x00000000077a1000 nmethod 1075 0x000000000f3f6710 code [0x000000000f3f6880, 0x000000000f3f6b30]
Event: 43.261 Thread 0x00000000077a1000 1076       3       com.sun.jna.Function::convertArgument (891 bytes)

GC Heap History (6 events):
Event: 0.877 GC heap before
{Heap before GC invocations=1 (full 0):
 PSYoungGen      total 18944K, used 16384K [0x00000000eb400000, 0x00000000ec900000, 0x0000000100000000)
  eden space 16384K, 100% used [0x00000000eb400000,0x00000000ec400000,0x00000000ec400000)
  from space 2560K, 0% used [0x00000000ec680000,0x00000000ec680000,0x00000000ec900000)
  to   space 2560K, 0% used [0x00000000ec400000,0x00000000ec400000,0x00000000ec680000)
 ParOldGen       total 44032K, used 0K [0x00000000c1c00000, 0x00000000c4700000, 0x00000000eb400000)
  object space 44032K, 0% used [0x00000000c1c00000,0x00000000c1c00000,0x00000000c4700000)
 Metaspace       used 6894K, capacity 7114K, committed 7424K, reserved 1056768K
  class space    used 903K, capacity 962K, committed 1024K, reserved 1048576K
Event: 0.880 GC heap after
Heap after GC invocations=1 (full 0):
 PSYoungGen      total 18944K, used 2546K [0x00000000eb400000, 0x00000000ec900000, 0x0000000100000000)
  eden space 16384K, 0% used [0x00000000eb400000,0x00000000eb400000,0x00000000ec400000)
  from space 2560K, 99% used [0x00000000ec400000,0x00000000ec67cb10,0x00000000ec680000)
  to   space 2560K, 0% used [0x00000000ec680000,0x00000000ec680000,0x00000000ec900000)
 ParOldGen       total 44032K, used 703K [0x00000000c1c00000, 0x00000000c4700000, 0x00000000eb400000)
  object space 44032K, 1% used [0x00000000c1c00000,0x00000000c1caffa0,0x00000000c4700000)
 Metaspace       used 6894K, capacity 7114K, committed 7424K, reserved 1056768K
  class space    used 903K, capacity 962K, committed 1024K, reserved 1048576K
}
Event: 1.224 GC heap before
{Heap before GC invocations=2 (full 0):
 PSYoungGen      total 18944K, used 18930K [0x00000000eb400000, 0x00000000ec900000, 0x0000000100000000)
  eden space 16384K, 100% used [0x00000000eb400000,0x00000000ec400000,0x00000000ec400000)
  from space 2560K, 99% used [0x00000000ec400000,0x00000000ec67cb10,0x00000000ec680000)
  to   space 2560K, 0% used [0x00000000ec680000,0x00000000ec680000,0x00000000ec900000)
 ParOldGen       total 44032K, used 703K [0x00000000c1c00000, 0x00000000c4700000, 0x00000000eb400000)
  object space 44032K, 1% used [0x00000000c1c00000,0x00000000c1caffa0,0x00000000c4700000)
 Metaspace       used 8644K, capacity 8842K, committed 8960K, reserved 1056768K
  class space    used 1158K, capacity 1218K, committed 1280K, reserved 1048576K
Event: 1.228 GC heap after
Heap after GC invocations=2 (full 0):
 PSYoungGen      total 18944K, used 2557K [0x00000000eb400000, 0x00000000ec900000, 0x0000000100000000)
  eden space 16384K, 0% used [0x00000000eb400000,0x00000000eb400000,0x00000000ec400000)
  from space 2560K, 99% used [0x00000000ec680000,0x00000000ec8ff5e8,0x00000000ec900000)
  to   space 2560K, 0% used [0x00000000ec400000,0x00000000ec400000,0x00000000ec680000)
 ParOldGen       total 44032K, used 1526K [0x00000000c1c00000, 0x00000000c4700000, 0x00000000eb400000)
  object space 44032K, 3% used [0x00000000c1c00000,0x00000000c1d7dab8,0x00000000c4700000)
 Metaspace       used 8644K, capacity 8842K, committed 8960K, reserved 1056768K
  class space    used 1158K, capacity 1218K, committed 1280K, reserved 1048576K
}
Event: 1.437 GC heap before
{Heap before GC invocations=3 (full 0):
 PSYoungGen      total 18944K, used 18941K [0x00000000eb400000, 0x00000000ec900000, 0x0000000100000000)
  eden space 16384K, 100% used [0x00000000eb400000,0x00000000ec400000,0x00000000ec400000)
  from space 2560K, 99% used [0x00000000ec680000,0x00000000ec8ff5e8,0x00000000ec900000)
  to   space 2560K, 0% used [0x00000000ec400000,0x00000000ec400000,0x00000000ec680000)
 ParOldGen       total 44032K, used 1526K [0x00000000c1c00000, 0x00000000c4700000, 0x00000000eb400000)
  object space 44032K, 3% used [0x00000000c1c00000,0x00000000c1d7dab8,0x00000000c4700000)
 Metaspace       used 9758K, capacity 10020K, committed 10240K, reserved 1058816K
  class space    used 1325K, capacity 1420K, committed 1536K, reserved 1048576K
Event: 1.443 GC heap after
Heap after GC invocations=3 (full 0):
 PSYoungGen      total 18944K, used 2528K [0x00000000eb400000, 0x00000000ed900000, 0x0000000100000000)
  eden space 16384K, 0% used [0x00000000eb400000,0x00000000eb400000,0x00000000ec400000)
  from space 2560K, 98% used [0x00000000ec400000,0x00000000ec678020,0x00000000ec680000)
  to   space 2560K, 0% used [0x00000000ed680000,0x00000000ed680000,0x00000000ed900000)
 ParOldGen       total 44032K, used 2618K [0x00000000c1c00000, 0x00000000c4700000, 0x00000000eb400000)
  object space 44032K, 5% used [0x00000000c1c00000,0x00000000c1e8ea78,0x00000000c4700000)
 Metaspace       used 9758K, capacity 10020K, committed 10240K, reserved 1058816K
  class space    used 1325K, capacity 1420K, committed 1536K, reserved 1048576K
}

Deoptimization events (5 events):
Event: 0.612 Thread 0x00000000003ee800 Uncommon trap: reason=unstable_if action=reinterpret pc=0x000000000f188640 method=java.lang.String.startsWith(Ljava/lang/String;I)Z @ 25
Event: 0.891 Thread 0x00000000003ee800 Uncommon trap: reason=unstable_if action=reinterpret pc=0x000000000f23d828 method=java.util.HashMap.getNode(ILjava/lang/Object;)Ljava/util/HashMap$Node; @ 129
Event: 0.891 Thread 0x00000000003ee800 Uncommon trap: reason=unstable_if action=reinterpret pc=0x000000000f22a7a4 method=java.util.HashMap.getNode(ILjava/lang/Object;)Ljava/util/HashMap$Node; @ 129
Event: 1.135 Thread 0x00000000003ee800 Uncommon trap: reason=predicate action=maybe_recompile pc=0x000000000f264ed8 method=sun.net.www.ParseUtil.encodePath(Ljava/lang/String;Z)Ljava/lang/String; @ 36
Event: 1.258 Thread 0x00000000003ee800 Uncommon trap: reason=bimorphic action=maybe_recompile pc=0x000000000f28aafc method=java.util.HashMap.putVal(ILjava/lang/Object;Ljava/lang/Object;ZZ)Ljava/lang/Object; @ 91

Internal exceptions (10 events):
Event: 7.636 Thread 0x00000000003ee800 Exception <a 'java/lang/NoSuchMethodError': <clinit>> (0x00000000ebd11350) thrown at [D:\re\workspace\8-2-build-windows-amd64-cygwin\jdk8u92\6642\hotspot\src\share\vm\prims\jni.cpp, line 1613]
Event: 7.637 Thread 0x00000000003ee800 Exception <a 'java/lang/NoSuchMethodError': <clinit>> (0x00000000ebd13be8) thrown at [D:\re\workspace\8-2-build-windows-amd64-cygwin\jdk8u92\6642\hotspot\src\share\vm\prims\jni.cpp, line 1613]
Event: 7.638 Thread 0x00000000003ee800 Exception <a 'java/lang/NoSuchMethodError': <clinit>> (0x00000000ebd1b1d0) thrown at [D:\re\workspace\8-2-build-windows-amd64-cygwin\jdk8u92\6642\hotspot\src\share\vm\prims\jni.cpp, line 1613]
Event: 7.648 Thread 0x00000000003ee800 Exception <a 'java/lang/NoSuchMethodError': <clinit>> (0x00000000ebd66440) thrown at [D:\re\workspace\8-2-build-windows-amd64-cygwin\jdk8u92\6642\hotspot\src\share\vm\prims\jni.cpp, line 1613]
Event: 7.649 Thread 0x00000000003ee800 Exception <a 'java/lang/NoSuchMethodError': <clinit>> (0x00000000ebd73790) thrown at [D:\re\workspace\8-2-build-windows-amd64-cygwin\jdk8u92\6642\hotspot\src\share\vm\prims\jni.cpp, line 1613]
Event: 7.650 Thread 0x00000000003ee800 Exception <a 'java/lang/NoSuchMethodError': <clinit>> (0x00000000ebd7b850) thrown at [D:\re\workspace\8-2-build-windows-amd64-cygwin\jdk8u92\6642\hotspot\src\share\vm\prims\jni.cpp, line 1613]
Event: 7.651 Thread 0x00000000003ee800 Exception <a 'java/lang/NoSuchMethodError': <clinit>> (0x00000000ebd85248) thrown at [D:\re\workspace\8-2-build-windows-amd64-cygwin\jdk8u92\6642\hotspot\src\share\vm\prims\jni.cpp, line 1613]
Event: 7.656 Thread 0x00000000003ee800 Exception <a 'java/lang/NoSuchMethodError': <clinit>> (0x00000000ebda0b70) thrown at [D:\re\workspace\8-2-build-windows-amd64-cygwin\jdk8u92\6642\hotspot\src\share\vm\prims\jni.cpp, line 1613]
Event: 7.803 Thread 0x00000000003ee800 Exception <a 'java/lang/NoSuchMethodError': <clinit>> (0x00000000ebdba668) thrown at [D:\re\workspace\8-2-build-windows-amd64-cygwin\jdk8u92\6642\hotspot\src\share\vm\prims\jni.cpp, line 1613]
Event: 7.804 Thread 0x00000000003ee800 Exception <a 'java/lang/NoSuchMethodError': <clinit>> (0x00000000ebdc4378) thrown at [D:\re\workspace\8-2-build-windows-amd64-cygwin\jdk8u92\6642\hotspot\src\share\vm\prims\jni.cpp, line 1613]

Events (10 events):
Event: 30.710 loading class org/gradle/internal/serialize/Message$ExceptionReplacingObjectInputStream
Event: 30.710 loading class org/gradle/internal/serialize/Message$ExceptionReplacingObjectInputStream done
Event: 32.206 loading class org/gradle/internal/logging/events/StyledTextOutputEvent$Span
Event: 32.206 loading class org/gradle/internal/logging/events/StyledTextOutputEvent$Span done
Event: 32.207 loading class java/util/Collections$SingletonList
Event: 32.207 loading class java/util/Collections$SingletonList done
Event: 32.381 loading class org/fusesource/jansi/Ansi$Color
Event: 32.381 loading class org/fusesource/jansi/Ansi$Color done
Event: 32.408 loading class org/gradle/internal/logging/console/DefaultColorMap$ForegroundColor
Event: 32.408 loading class org/gradle/internal/logging/console/DefaultColorMap$ForegroundColor done


Dynamic libraries:
0x000000013f020000 - 0x000000013f057000 	C:\ProgramData\Oracle\Java\javapath\java.exe
0x0000000076ec0000 - 0x0000000077069000 	C:\Windows\SYSTEM32\ntdll.dll
0x0000000076ca0000 - 0x0000000076dbf000 	C:\Windows\system32\kernel32.dll
0x000007fefccb0000 - 0x000007fefcd1c000 	C:\Windows\system32\KERNELBASE.dll
0x000007fefeb30000 - 0x000007fefec0b000 	C:\Windows\system32\ADVAPI32.dll
0x000007fefec10000 - 0x000007fefecaf000 	C:\Windows\system32\msvcrt.dll
0x000007feff000000 - 0x000007feff01f000 	C:\Windows\SYSTEM32\sechost.dll
0x000007fefe990000 - 0x000007fefeabd000 	C:\Windows\system32\RPCRT4.dll
0x0000000076dc0000 - 0x0000000076eba000 	C:\Windows\system32\USER32.dll
0x000007fefeac0000 - 0x000007fefeb27000 	C:\Windows\system32\GDI32.dll
0x000007fefecb0000 - 0x000007fefecbe000 	C:\Windows\system32\LPK.dll
0x000007fefe220000 - 0x000007fefe2e9000 	C:\Windows\system32\USP10.dll
0x000007fefb0f0000 - 0x000007fefb2e4000 	C:\Windows\WinSxS\amd64_microsoft.windows.common-controls_6595b64144ccf1df_6.0.7601.18837_none_fa3b1e3d17594757\COMCTL32.dll
0x000007fefecc0000 - 0x000007fefed31000 	C:\Windows\system32\SHLWAPI.dll
0x000007fefddc0000 - 0x000007fefddee000 	C:\Windows\system32\IMM32.DLL
0x000007fefe0c0000 - 0x000007fefe1c9000 	C:\Windows\system32\MSCTF.dll
0x000007fefcba0000 - 0x000007fefcbd1000 	C:\Windows\system32\nvinitx.dll
0x000007fefcb90000 - 0x000007fefcb9c000 	C:\Windows\system32\VERSION.dll
0x000000000f000000 - 0x000000000f006000 	C:\Program Files\NVIDIA Corporation\CoProcManager\detoured.dll
0x000007fef7ea0000 - 0x000007fef7ed1000 	C:\Program Files\NVIDIA Corporation\CoProcManager\nvd3d9wrapx.dll
0x000007fefe7b0000 - 0x000007fefe987000 	C:\Windows\system32\SETUPAPI.dll
0x000007fefcfd0000 - 0x000007fefd006000 	C:\Windows\system32\CFGMGR32.dll
0x000007feff030000 - 0x000007feff107000 	C:\Windows\system32\OLEAUT32.dll
0x000007fefe5a0000 - 0x000007fefe7a3000 	C:\Windows\system32\ole32.dll
0x000007fefcde0000 - 0x000007fefcdfa000 	C:\Windows\system32\DEVOBJ.dll
0x000007fef7bf0000 - 0x000007fef7c12000 	C:\Program Files\NVIDIA Corporation\CoProcManager\nvdxgiwrapx.dll
0x00000000512f0000 - 0x00000000513c2000 	C:\Program Files\Java\jre1.8.0_92\bin\msvcr100.dll
0x0000000050a50000 - 0x00000000512e6000 	C:\Program Files\Java\jre1.8.0_92\bin\server\jvm.dll
0x000007fef8dc0000 - 0x000007fef8dc9000 	C:\Windows\system32\WSOCK32.dll
0x000007fefe1d0000 - 0x000007fefe21d000 	C:\Windows\system32\WS2_32.dll
0x000007feff020000 - 0x000007feff028000 	C:\Windows\system32\NSI.dll
0x000007fef7bb0000 - 0x000007fef7beb000 	C:\Windows\system32\WINMM.dll
0x0000000077090000 - 0x0000000077097000 	C:\Windows\system32\PSAPI.DLL
0x000000005eab0000 - 0x000000005eabf000 	C:\Program Files\Java\jre1.8.0_92\bin\verify.dll
0x000000005ea80000 - 0x000000005eaa9000 	C:\Program Files\Java\jre1.8.0_92\bin\java.dll
0x000000005ea60000 - 0x000000005ea76000 	C:\Program Files\Java\jre1.8.0_92\bin\zip.dll
0x000007fefd030000 - 0x000007fefddb9000 	C:\Windows\system32\SHELL32.dll
0x000007fefcc80000 - 0x000007fefcc8f000 	C:\Windows\system32\profapi.dll
0x0000000055d60000 - 0x0000000055d7a000 	C:\Program Files\Java\jre1.8.0_92\bin\net.dll
0x000007fefc400000 - 0x000007fefc455000 	C:\Windows\system32\mswsock.dll
0x000007fefc3f0000 - 0x000007fefc3f7000 	C:\Windows\System32\wship6.dll
0x0000000055d40000 - 0x0000000055d51000 	C:\Program Files\Java\jre1.8.0_92\bin\nio.dll
0x000007fef23d0000 - 0x000007fef23e2000 	C:\Users\Alastar\.gradle\native\19\windows-amd64\native-platform.dll
0x0000000180000000 - 0x0000000180037000 	C:\Users\Alastar\.gradle\native\jna\win32-amd64\jnidispatch.dll
0x000007fefc460000 - 0x000007fefc478000 	C:\Windows\system32\CRYPTSP.dll
0x000007fefc160000 - 0x000007fefc1a7000 	C:\Windows\system32\rsaenh.dll
0x000007fefd010000 - 0x000007fefd02e000 	C:\Windows\system32\USERENV.dll
0x000007fefcac0000 - 0x000007fefcacf000 	C:\Windows\system32\CRYPTBASE.dll
0x000007fefac20000 - 0x000007fefac47000 	C:\Windows\system32\IPHLPAPI.DLL
0x000007fefad90000 - 0x000007fefad9b000 	C:\Windows\system32\WINNSI.DLL
0x000007fefac80000 - 0x000007fefac91000 	C:\Windows\system32\dhcpcsvc6.DLL
0x000007fefa640000 - 0x000007fefa658000 	C:\Windows\system32\dhcpcsvc.DLL
0x000000005ea50000 - 0x000000005ea5d000 	C:\Program Files\Java\jre1.8.0_92\bin\management.dll
0x000007fefca60000 - 0x000007fefcab7000 	C:\Windows\system32\apphelp.dll

VM Arguments:
jvm_args: -Dorg.gradle.appname=gradlew 
java_command: org.gradle.wrapper.GradleWrapperMain build --stacktrace
java_class_path (initial): C:\Dev\MineDonate\forge 1.12\\gradle\wrapper\gradle-wrapper.jar
Launcher Type: SUN_STANDARD

Environment Variables:
CLASSPATH=C:\Dev\MineDonate\forge 1.12\\gradle\wrapper\gradle-wrapper.jar
PATH=C:\Delphi7\Bin;C:\Delphi7\Projects\Bpl\;C:\ProgramData\Oracle\Java\javapath;C:\Program Files (x86)\Support Tools\;C:\Windows\system32;C:\Windows;C:\Windows\System32\Wbem;C:\Windows\System32\WindowsPowerShell\v1.0\;C:\Program Files (x86)\NVIDIA Corporation\PhysX\Common;C:\Program Files (x86)\CMake\bin\;C:\Users\Alastar\Desktop\odb-2.4.0-i686-windows\bin\;C:\Program Files (x86)\Common Files\lenovo\easyplussdk\bin;C:\Program Files (x86)\QuickTime\QTSystem\;C:\Program Files (x86)\CMake 2.8\bin;C:\MinGW\bin;C:\Program Files (x86)\Windows Kits\8.1\Windows Performance Toolkit\;C:\Program Files\erl8.0\bin;C:\Users\Alastar\AppData\Local\Programs\Python\Python35-32\Scripts\;C:\Users\Alastar\AppData\Local\Programs\Python\Python35-32\;C:\Program Files (x86)\GnuWin32\bin;C:\Program Files (x86)\Microsoft Visual Studio 14.0\VC\bi;C:\Program Files (x86)\Embarcadero\Studio\18.0\bin;C:\Users\Public\Documents\Embarcadero\Studio\18.0\Bpl;C:\Program Files (x86)\GtkSharp\2.12\bin;C:\Program Files\Git\cmd;C:\Program Files (x86)\Skype\Phone\;C:\Users\Alastar\Documents\Borland Studio Projects\Bpl;C:\Program Files (x86)\GnuWin32\bin;C:\Program Files (x86)\Microsoft Visual Studio 14.0\VC\bin\;C:\Program Files\PostgreSQL\9.4\lib;C:\Program Files\PostgreSQL\9.4\include;C:\Users\Alastar\Desktop\odb-2.4.0-i686-windows\bin\;C:\MinGW\bin;
USERNAME=Alastar
OS=Windows_NT
PROCESSOR_IDENTIFIER=Intel64 Family 6 Model 58 Stepping 9, GenuineIntel



---------------  S Y S T E M  ---------------

OS: Windows 7 , 64 bit Build 7601 (6.1.7601.18869)

CPU:total 4 (2 cores per cpu, 2 threads per core) family 6 model 58 stepping 9, cmov, cx8, fxsr, mmx, sse, sse2, sse3, ssse3, sse4.1, sse4.2, popcnt, avx, clmul, erms, ht, tsc, tscinvbit, tscinv

Memory: 4k page, physical 4077120k(420988k free), swap 5123860k(3868k free)

vm_info: Java HotSpot(TM) 64-Bit Server VM (25.92-b14) for windows-amd64 JRE (1.8.0_92-b14), built on Mar 31 2016 21:03:04 by "java_re" with MS VC++ 10.0 (VS2010)

time: Fri Nov 10 01:37:59 2017
elapsed time: 43 seconds (0d 0h 0m 43s)

