[18:17:12] [main/INFO]: Extra: []
[18:17:13] [main/INFO]: Running with arguments: [--userProperties, {}, --accessToken, {REDACTED}, --assetIndex, 1.7.10, --assetsDir, C:/Users/Alastar/.gradle/caches/minecraft/assets, --version, 1.7.10, --tweakClass, cpw.mods.fml.common.launcher.FMLTweaker, --tweakClass, net.minecraftforge.gradle.tweakers.CoremodTweaker]
[18:17:13] [main/INFO]: Loading tweak class name cpw.mods.fml.common.launcher.FMLTweaker
[18:17:13] [main/INFO]: Using primary tweak class name cpw.mods.fml.common.launcher.FMLTweaker
[18:17:13] [main/INFO]: Loading tweak class name net.minecraftforge.gradle.tweakers.CoremodTweaker
[18:17:13] [main/INFO]: Calling tweak class cpw.mods.fml.common.launcher.FMLTweaker
[18:17:13] [main/INFO]: Forge Mod Loader version 7.99.40.1614 for Minecraft 1.7.10 loading
[18:17:13] [main/INFO]: Java is Java HotSpot(TM) 64-Bit Server VM, version 1.7.0_60, running on Windows 7:amd64:6.1, installed at C:\Program Files\Java\jdk1.7.0_60\jre
[18:17:13] [main/INFO]: Managed to load a deobfuscated Minecraft name- we are in a deobfuscated environment. Skipping runtime deobfuscation
[18:17:13] [main/INFO]: Calling tweak class net.minecraftforge.gradle.tweakers.CoremodTweaker
[18:17:13] [main/INFO]: Injecting location in coremod cpw.mods.fml.relauncher.FMLCorePlugin
[18:17:13] [main/INFO]: Injecting location in coremod net.minecraftforge.classloading.FMLForgePlugin
[18:17:13] [main/INFO]: Loading tweak class name cpw.mods.fml.common.launcher.FMLInjectionAndSortingTweaker
[18:17:13] [main/INFO]: Loading tweak class name cpw.mods.fml.common.launcher.FMLDeobfTweaker
[18:17:13] [main/INFO]: Loading tweak class name net.minecraftforge.gradle.tweakers.AccessTransformerTweaker
[18:17:13] [main/INFO]: Calling tweak class cpw.mods.fml.common.launcher.FMLInjectionAndSortingTweaker
[18:17:13] [main/INFO]: Calling tweak class cpw.mods.fml.common.launcher.FMLInjectionAndSortingTweaker
[18:17:13] [main/INFO]: Calling tweak class cpw.mods.fml.relauncher.CoreModManager$FMLPluginWrapper
[18:17:13] [main/ERROR]: The binary patch set is missing. Either you are in a development environment, or things are not going to work!
[18:17:13] [main/ERROR]: Unable to launch
java.lang.RuntimeException: java.lang.SecurityException: sealing violation: package com.google.common.io is sealed
	at cpw.mods.fml.relauncher.CoreModManager$FMLPluginWrapper.injectIntoClassLoader(CoreModManager.java:137) ~[forgeSrc-1.7.10-10.13.4.1614-1.7.10.jar:?]
	at net.minecraft.launchwrapper.Launch.launch(Launch.java:115) [launchwrapper-1.12.jar:?]
	at net.minecraft.launchwrapper.Launch.main(Launch.java:28) [launchwrapper-1.12.jar:?]
	at net.minecraftforge.gradle.GradleStartCommon.launch(Unknown Source) [start/:?]
	at GradleStart.main(Unknown Source) [start/:?]
	at sun.reflect.NativeMethodAccessorImpl.invoke0(Native Method) ~[?:1.7.0_60]
	at sun.reflect.NativeMethodAccessorImpl.invoke(NativeMethodAccessorImpl.java:57) ~[?:1.7.0_60]
	at sun.reflect.DelegatingMethodAccessorImpl.invoke(DelegatingMethodAccessorImpl.java:43) ~[?:1.7.0_60]
	at java.lang.reflect.Method.invoke(Method.java:606) ~[?:1.7.0_60]
	at com.intellij.rt.execution.application.AppMain.main(AppMain.java:147) [idea_rt.jar:?]
Caused by: java.lang.SecurityException: sealing violation: package com.google.common.io is sealed
	at java.net.URLClassLoader.getAndVerifyPackage(URLClassLoader.java:388) ~[?:1.7.0_60]
	at java.net.URLClassLoader.defineClass(URLClassLoader.java:417) ~[?:1.7.0_60]
	at java.net.URLClassLoader.access$100(URLClassLoader.java:71) ~[?:1.7.0_60]
	at java.net.URLClassLoader$1.run(URLClassLoader.java:361) ~[?:1.7.0_60]
	at java.net.URLClassLoader$1.run(URLClassLoader.java:355) ~[?:1.7.0_60]
	at java.security.AccessController.doPrivileged(Native Method) ~[?:1.7.0_60]
	at java.net.URLClassLoader.findClass(URLClassLoader.java:354) ~[?:1.7.0_60]
	at java.lang.ClassLoader.loadClass(ClassLoader.java:425) ~[?:1.7.0_60]
	at sun.misc.Launcher$AppClassLoader.loadClass(Launcher.java:308) ~[?:1.7.0_60]
	at java.lang.ClassLoader.loadClass(ClassLoader.java:358) ~[?:1.7.0_60]
	at net.minecraft.launchwrapper.LaunchClassLoader.findClass(LaunchClassLoader.java:106) ~[launchwrapper-1.12.jar:?]
	at java.lang.ClassLoader.loadClass(ClassLoader.java:425) ~[?:1.7.0_60]
	at java.lang.ClassLoader.loadClass(ClassLoader.java:358) ~[?:1.7.0_60]
	at java.lang.ClassLoader.defineClass1(Native Method) ~[?:1.7.0_60]
	at java.lang.ClassLoader.defineClass(ClassLoader.java:800) ~[?:1.7.0_60]
	at java.security.SecureClassLoader.defineClass(SecureClassLoader.java:142) ~[?:1.7.0_60]
	at java.net.URLClassLoader.defineClass(URLClassLoader.java:449) ~[?:1.7.0_60]
	at java.net.URLClassLoader.access$100(URLClassLoader.java:71) ~[?:1.7.0_60]
	at java.net.URLClassLoader$1.run(URLClassLoader.java:361) ~[?:1.7.0_60]
	at java.net.URLClassLoader$1.run(URLClassLoader.java:355) ~[?:1.7.0_60]
	at java.security.AccessController.doPrivileged(Native Method) ~[?:1.7.0_60]
	at java.net.URLClassLoader.findClass(URLClassLoader.java:354) ~[?:1.7.0_60]
	at net.minecraft.launchwrapper.LaunchClassLoader.findClass(LaunchClassLoader.java:117) ~[launchwrapper-1.12.jar:?]
	at java.lang.ClassLoader.loadClass(ClassLoader.java:425) ~[?:1.7.0_60]
	at java.lang.ClassLoader.loadClass(ClassLoader.java:358) ~[?:1.7.0_60]
	at cpw.mods.fml.common.asm.transformers.deobf.FMLDeobfuscatingRemapper.setup(FMLDeobfuscatingRemapper.java:118) ~[forgeSrc-1.7.10-10.13.4.1614-1.7.10.jar:?]
	at cpw.mods.fml.common.asm.FMLSanityChecker.injectData(FMLSanityChecker.java:182) ~[forgeSrc-1.7.10-10.13.4.1614-1.7.10.jar:?]
	at cpw.mods.fml.relauncher.CoreModManager$FMLPluginWrapper.injectIntoClassLoader(CoreModManager.java:132) ~[forgeSrc-1.7.10-10.13.4.1614-1.7.10.jar:?]
	... 9 more
[18:17:13] [main/INFO]: [java.lang.Throwable$WrappedPrintStream:println:748]: cpw.mods.fml.relauncher.FMLSecurityManager$ExitTrappedException
[18:17:13] [main/INFO]: [java.lang.Throwable$WrappedPrintStream:println:748]: 	at cpw.mods.fml.relauncher.FMLSecurityManager.checkPermission(FMLSecurityManager.java:25)
[18:17:13] [main/INFO]: [java.lang.Throwable$WrappedPrintStream:println:748]: 	at java.lang.SecurityManager.checkExit(SecurityManager.java:761)
[18:17:13] [main/INFO]: [java.lang.Throwable$WrappedPrintStream:println:748]: 	at java.lang.Runtime.exit(Runtime.java:107)
[18:17:13] [main/INFO]: [java.lang.Throwable$WrappedPrintStream:println:748]: 	at java.lang.System.exit(System.java:962)
[18:17:13] [main/INFO]: [java.lang.Throwable$WrappedPrintStream:println:748]: 	at net.minecraft.launchwrapper.Launch.launch(Launch.java:138)
[18:17:13] [main/INFO]: [java.lang.Throwable$WrappedPrintStream:println:748]: 	at net.minecraft.launchwrapper.Launch.main(Launch.java:28)
[18:17:13] [main/INFO]: [java.lang.Throwable$WrappedPrintStream:println:748]: 	at net.minecraftforge.gradle.GradleStartCommon.launch(Unknown Source)
[18:17:13] [main/INFO]: [java.lang.Throwable$WrappedPrintStream:println:748]: 	at GradleStart.main(Unknown Source)
[18:17:13] [main/INFO]: [java.lang.Throwable$WrappedPrintStream:println:748]: 	at sun.reflect.NativeMethodAccessorImpl.invoke0(Native Method)
[18:17:13] [main/INFO]: [java.lang.Throwable$WrappedPrintStream:println:748]: 	at sun.reflect.NativeMethodAccessorImpl.invoke(NativeMethodAccessorImpl.java:57)
[18:17:13] [main/INFO]: [java.lang.Throwable$WrappedPrintStream:println:748]: 	at sun.reflect.DelegatingMethodAccessorImpl.invoke(DelegatingMethodAccessorImpl.java:43)
[18:17:13] [main/INFO]: [java.lang.Throwable$WrappedPrintStream:println:748]: 	at java.lang.reflect.Method.invoke(Method.java:606)
[18:17:13] [main/INFO]: [java.lang.Throwable$WrappedPrintStream:println:748]: 	at com.intellij.rt.execution.application.AppMain.main(AppMain.java:147)
